<?xml version="1.0" encoding="UTF-8"?>
<!-- Generated by org.testng.reporters.JUnitXMLReporter -->
<testsuite ignored="0" hostname="DESKTOP-DJ4FDME" failures="0" tests="3" name="Default test" time="12.413" errors="0" timestamp="2023-12-26T22:21:11 IST">
  <testcase classname="org.wipro.automation.fb.testcases.LoginTestScenario_DDF" name="validateloginfunc" time="0.598"/>
  <testcase classname="org.wipro.automation.fb.testcases.LoginTestScenario_DDF" name="validateloginfunc" time="0.538"/>
  <testcase classname="org.wipro.automation.fb.testcases.LoginTestScenario_DDF" name="validateloginfunc" time="0.546"/>
</testsuite> <!-- Default test -->
