<?xml version="1.0" encoding="UTF-8"?>
<!-- Generated by org.testng.reporters.JUnitXMLReporter -->
<testsuite ignored="2" hostname="DESKTOP-DJ4FDME" failures="0" tests="2" name="Test" time="12.911" errors="0" timestamp="2023-12-19T22:49:41 IST">
  <testcase classname="org.xyz.automation.fb.KeyboardMouse" name="handleAlerts" time="4.69"/>
  <testcase classname="org.xyz.automation.fb.KeyboardMouse" name="handleFrames" time="8.158"/>
  <testcase classname="org.xyz.automation.fb.KeyboardMouse" name="handlekeyboard" time="0.0">
    <ignored/>
  </testcase> <!-- handlekeyboard -->
  <testcase classname="org.xyz.automation.fb.KeyboardMouse" name="handlemouse" time="0.0">
    <ignored/>
  </testcase> <!-- handlemouse -->
</testsuite> <!-- Test -->
